
> start
> concurrently "npm --prefix backend run start" "npm --prefix simpleapp run start"

[0] 
[0] > backend@1.0.0 start
[0] > node server.js
[0] 
[1] 
[1] > simpleapp@0.1.0 start
[1] > react-scripts start
[1] 
[0] ◇ injected env (4) from .env // tip: ⌘ multiple files { path: ['.env.local', '.env'] }
[0] Server is running on port 5000
[0] Connected to MongoDB successfully at: mongodb://127.0.0.1:27017/shopdb
[0] (node:19368) [MONGOOSE] Warning: mongoose: the `new` option for `findOneAndUpdate()` and `findOneAndReplace()` is deprecated. Use `returnDocument: 'after'` instead.
[0] (Use `node --trace-warnings ...` to show where the warning was created)
[0] Admin account ready: kotareddy9848@gmail.com
[1] (node:18832) [DEP0176] DeprecationWarning: fs.F_OK is deprecated, use fs.constants.F_OK instead
[1] (Use `node --trace-deprecation ...` to show where the warning was created)
[1] Something is already running on port 3000.
[1] npm --prefix simpleapp run start exited with code 0
[0] ^C^Cnpm --prefix backend run start exited with code 3221225786
